#
# There is insufficient memory for the Java Runtime Environment to continue.
# Native memory allocation (mmap) failed to map 132120576 bytes for Failed to commit area from 0x0000000082000000 to 0x0000000089e00000 of length 132120576.
# Possible reasons:
#   The system is out of physical RAM or swap space
#   The process is running with CompressedOops enabled, and the Java Heap may be blocking the growth of the native heap
# Possible solutions:
#   Reduce memory load on the system
#   Increase physical memory or swap space
#   Check if swap backing store is full
#   Decrease Java heap size (-Xmx/-Xms)
#   Decrease number of Java threads
#   Decrease Java thread stack sizes (-Xss)
#   Set larger code cache with -XX:ReservedCodeCacheSize=
# This output file may be truncated or incomplete.
#
#  Out of Memory Error (t:/workspace/open/src/hotspot/os/windows/os_windows.cpp:3269), pid=12576, tid=20848
#
# JRE version:  (11.0.3+12) (build )
# Java VM: Java HotSpot(TM) 64-Bit Server VM (11.0.3+12-LTS, mixed mode, aot, sharing, tiered, compressed oops, g1 gc, windows-amd64)
# No core dump will be written. Minidumps are not enabled by default on client versions of Windows
#

---------------  S U M M A R Y ------------

Command Line: -Dfile.encoding=UTF-8 main.HocSoSanh

Host: Intel(R) Core(TM) i7-5600U CPU @ 2.60GHz, 4 cores, 7G,  Windows 10 , 64 bit Build 18362 (10.0.18362.86)
Time: Tue Jul 16 02:44:36 2019 SE Asia Standard Time elapsed time: 0 seconds (0d 0h 0m 0s)

---------------  T H R E A D  ---------------

Current thread (0x0000012ecf390800):  JavaThread "Unknown thread" [_thread_in_vm, id=20848, stack(0x000000018c700000,0x000000018c800000)]

Stack: [0x000000018c700000,0x000000018c800000]
Native frames: (J=compiled Java code, j=interpreted, Vv=VM code, C=native code)
V  [jvm.dll+0x63582a]
V  [jvm.dll+0x77360f]
V  [jvm.dll+0x774cba]
V  [jvm.dll+0x775373]
V  [jvm.dll+0x25e9c8]
V  [jvm.dll+0x632cba]
V  [jvm.dll+0x627715]
V  [jvm.dll+0x31523c]
V  [jvm.dll+0x3150c2]
V  [jvm.dll+0x31a936]
V  [jvm.dll+0x36667f]
V  [jvm.dll+0x3660a0]
V  [jvm.dll+0x2f1da8]
V  [jvm.dll+0x2f2f06]
V  [jvm.dll+0x74c867]
V  [jvm.dll+0x74dfaf]
V  [jvm.dll+0x3734b9]
V  [jvm.dll+0x732f09]
V  [jvm.dll+0x3e291d]
V  [jvm.dll+0x3e4cb1]
C  [javaw.exe+0x3617]
C  [javaw.exe+0x17e2c]
C  [KERNEL32.DLL+0x17bd4]
C  [ntdll.dll+0x6ce71]


---------------  P R O C E S S  ---------------

Threads class SMR info:
_java_thread_list=0x0000012ecd192470, length=0, elements={
}

Java Threads: ( => current thread )

Other Threads:
  0x0000012ecf3a8000 GCTaskThread "GC Thread#0" [stack: 0x000000018c800000,0x000000018c900000] [id=9056]
  0x0000012ecf3d7800 ConcurrentGCThread "G1 Main Marker" [stack: 0x000000018c900000,0x000000018ca00000] [id=10084]
  0x0000012ecf3d9800 ConcurrentGCThread "G1 Conc#0" [stack: 0x000000018ca00000,0x000000018cb00000] [id=18564]

[error occurred during error reporting (printing all threads), id 0xc0000005, EXCEPTION_ACCESS_VIOLATION (0xc0000005) at pc=0x00007ffb8b720497]

VM state:not at safepoint (not fully initialized)

VM Mutex/Monitor currently owned by a thread:  ([mutex/lock_event])
[0x0000012ecf38eeb0] Heap_lock - owner thread: 0x0000012ecf390800

Heap address: 0x0000000082000000, size: 2016 MB, Compressed Oops mode: Non-zero based: 0x0000000082000000
Narrow klass base: 0x0000000000000000, Narrow klass shift: 0

GC Heap History (0 events):
No events

Deoptimization events (0 events):
No events

Classes redefined (0 events):
No events

Internal exceptions (0 events):
No events

Events (0 events):
No events


Dynamic libraries:
0x00007ff7998f0000 - 0x00007ff799937000 	C:\Program Files\Java\jdk-11.0.3\bin\javaw.exe
0x00007ffbdd1e0000 - 0x00007ffbdd3d0000 	C:\WINDOWS\SYSTEM32\ntdll.dll
0x00007ffbdbf10000 - 0x00007ffbdbfc2000 	C:\WINDOWS\System32\KERNEL32.DLL
0x00007ffbda220000 - 0x00007ffbda4c3000 	C:\WINDOWS\System32\KERNELBASE.dll
0x00007ffbdcb40000 - 0x00007ffbdcbe3000 	C:\WINDOWS\System32\ADVAPI32.dll
0x00007ffbdc560000 - 0x00007ffbdc5fe000 	C:\WINDOWS\System32\msvcrt.dll
0x00007ffbdcbf0000 - 0x00007ffbdcc87000 	C:\WINDOWS\System32\sechost.dll
0x00007ffbdc2a0000 - 0x00007ffbdc3c0000 	C:\WINDOWS\System32\RPCRT4.dll
0x00007ffbdba00000 - 0x00007ffbdbb93000 	C:\WINDOWS\System32\USER32.dll
0x00007ffbdb080000 - 0x00007ffbdb0a1000 	C:\WINDOWS\System32\win32u.dll
0x00007ffbdc4b0000 - 0x00007ffbdc4d6000 	C:\WINDOWS\System32\GDI32.dll
0x00007ffbdb100000 - 0x00007ffbdb294000 	C:\WINDOWS\System32\gdi32full.dll
0x00007ffbda180000 - 0x00007ffbda21e000 	C:\WINDOWS\System32\msvcp_win.dll
0x00007ffbdaed0000 - 0x00007ffbdafca000 	C:\WINDOWS\System32\ucrtbase.dll
0x00007ffbd1980000 - 0x00007ffbd1c05000 	C:\WINDOWS\WinSxS\amd64_microsoft.windows.common-controls_6595b64144ccf1df_6.0.18362.239_none_e6c7aebd130c7608\COMCTL32.dll
0x00007ffbce980000 - 0x00007ffbce98a000 	C:\WINDOWS\SYSTEM32\VERSION.dll
0x00007ffbdbbd0000 - 0x00007ffbdbf06000 	C:\WINDOWS\System32\combase.dll
0x00007ffbdb000000 - 0x00007ffbdb080000 	C:\WINDOWS\System32\bcryptPrimitives.dll
0x00007ffbdbba0000 - 0x00007ffbdbbce000 	C:\WINDOWS\System32\IMM32.DLL
0x00007ffbd2fa0000 - 0x00007ffbd2fb6000 	C:\Program Files\Java\jdk-11.0.3\bin\vcruntime140.dll
0x00007ffbc85a0000 - 0x00007ffbc864a000 	C:\Program Files\Java\jdk-11.0.3\bin\msvcp140.dll
0x00007ffb8b420000 - 0x00007ffb8bf47000 	C:\Program Files\Java\jdk-11.0.3\bin\server\jvm.dll
0x00007ffbdc060000 - 0x00007ffbdc068000 	C:\WINDOWS\System32\PSAPI.DLL
0x00007ffbd8c00000 - 0x00007ffbd8c09000 	C:\WINDOWS\SYSTEM32\WSOCK32.dll
0x00007ffbd7c80000 - 0x00007ffbd7ca4000 	C:\WINDOWS\SYSTEM32\WINMM.dll
0x00007ffbdc3d0000 - 0x00007ffbdc43f000 	C:\WINDOWS\System32\WS2_32.dll
0x00007ffbd7800000 - 0x00007ffbd782d000 	C:\WINDOWS\SYSTEM32\winmmbase.dll
0x00007ffbdb0b0000 - 0x00007ffbdb0fa000 	C:\WINDOWS\System32\cfgmgr32.dll
0x00007ffbda0d0000 - 0x00007ffbda0e1000 	C:\WINDOWS\System32\kernel.appcore.dll
0x00007ffbd3b70000 - 0x00007ffbd3b81000 	C:\Program Files\Java\jdk-11.0.3\bin\verify.dll
0x00007ffbd89e0000 - 0x00007ffbd8bd4000 	C:\WINDOWS\SYSTEM32\DBGHELP.DLL
0x00007ffbc3280000 - 0x00007ffbc32aa000 	C:\WINDOWS\SYSTEM32\dbgcore.DLL
0x00007ffbd3b40000 - 0x00007ffbd3b69000 	C:\Program Files\Java\jdk-11.0.3\bin\java.dll
0x00007ffbd3b20000 - 0x00007ffbd3b36000 	C:\Program Files\Java\jdk-11.0.3\bin\zip.dll
0x00007ffbd3b10000 - 0x00007ffbd3b1a000 	C:\Program Files\Java\jdk-11.0.3\bin\jimage.dll

dbghelp: loaded successfully - version: 4.0.5 - missing functions: none
symbol engine: initialized successfully - sym options: 0x614 - pdb path: .;C:\Program Files\Java\jdk-11.0.3\bin;C:\WINDOWS\SYSTEM32;C:\WINDOWS\WinSxS\amd64_microsoft.windows.common-controls_6595b64144ccf1df_6.0.18362.239_none_e6c7aebd130c7608;C:\Program Files\Java\jdk-11.0.3\bin\server

VM Arguments:
jvm_args: -Dfile.encoding=UTF-8 
java_command: main.HocSoSanh
java_class_path (initial): D:\Java\tamto\Praction\bin;D:\Java\tamto\Praction\forms-1.3.0.jar
Launcher Type: SUN_STANDARD

[Global flags]
     intx CICompilerCount                          = 3                                         {product} {ergonomic}
     uint ConcGCThreads                            = 1                                         {product} {ergonomic}
     uint G1ConcRefinementThreads                  = 4                                         {product} {ergonomic}
   size_t G1HeapRegionSize                         = 1048576                                   {product} {ergonomic}
    uintx GCDrainStackTargetSize                   = 64                                        {product} {ergonomic}
   size_t InitialHeapSize                          = 132120576                                 {product} {ergonomic}
   size_t MarkStackSize                            = 4194304                                   {product} {ergonomic}
   size_t MaxHeapSize                              = 2113929216                                {product} {ergonomic}
   size_t MinHeapDeltaBytes                        = 1048576                                   {product} {ergonomic}
    uintx NonNMethodCodeHeapSize                   = 5830092                                {pd product} {ergonomic}
    uintx NonProfiledCodeHeapSize                  = 122914074                              {pd product} {ergonomic}
    uintx ProfiledCodeHeapSize                     = 122914074                              {pd product} {ergonomic}
    uintx ReservedCodeCacheSize                    = 251658240                              {pd product} {ergonomic}
     bool SegmentedCodeCache                       = true                                      {product} {ergonomic}
     bool UseCompressedClassPointers               = true                                 {lp64_product} {ergonomic}
     bool UseCompressedOops                        = true                                 {lp64_product} {ergonomic}
     bool UseG1GC                                  = true                                      {product} {ergonomic}
     bool UseLargePagesIndividualAllocation        = false                                  {pd product} {ergonomic}

Logging:
Log output configuration:
 #0: stdout all=warning uptime,level,tags
 #1: stderr all=off uptime,level,tags

Environment Variables:
PATH=C:/Program Files/Java/jdk-11.0.3/bin/server;C:/Program Files/Java/jdk-11.0.3/bin;C:\Program Files (x86)\NVIDIA Corporation\PhysX\Common;C:\WINDOWS\system32;C:\WINDOWS;C:\WINDOWS\System32\Wbem;C:\WINDOWS\System32\WindowsPowerShell\v1.0\;C:\WINDOWS\System32\OpenSSH\;C:\Program Files\Microsoft SQL Server\Client SDK\ODBC\130\Tools\Binn\;C:\Program Files (x86)\Microsoft SQL Server\140\Tools\Binn\;C:\Program Files\Microsoft SQL Server\140\Tools\Binn\;C:\Program Files\Microsoft SQL Server\140\DTS\Binn\;C:\Program Files (x86)\Microsoft SQL Server\150\DTS\Binn\;C:\Program Files (x86)\Windows Kits\8.1\Windows Performance Toolkit\;C:\Users\tamto\AppData\Local\Microsoft\WindowsApps;;C:\Users\tamto\AppData\Local\Programs\Microsoft VS Code\bin;C:\WINDOWS\System32;
USERNAME=tamto
OS=Windows_NT
PROCESSOR_IDENTIFIER=Intel64 Family 6 Model 61 Stepping 4, GenuineIntel



---------------  S Y S T E M  ---------------

OS: Windows 10 , 64 bit Build 18362 (10.0.18362.86)

CPU:total 4 (initial active 4) (2 cores per cpu, 2 threads per core) family 6 model 61 stepping 4, cmov, cx8, fxsr, mmx, sse, sse2, sse3, ssse3, sse4.1, sse4.2, popcnt, avx, avx2, aes, clmul, erms, rtm, 3dnowpref, lzcnt, ht, tsc, tscinvbit, bmi1, bmi2, adx, fma

Memory: 4k page, system-wide physical 8063M (1654M free)
TotalPageFile size 26938M (AvailPageFile size 107M)
current process WorkingSet (physical memory assigned to process): 9M, peak: 9M
current process commit charge ("private bytes"): 51M, peak: 177M

vm_info: Java HotSpot(TM) 64-Bit Server VM (11.0.3+12-LTS) for windows-amd64 JRE (11.0.3+12-LTS), built on Apr  2 2019 12:43:09 by "mach5one" with MS VC++ 15.5 (VS2017)

END.
