#
# There is insufficient memory for the Java Runtime Environment to continue.
# Native memory allocation (malloc) failed to allocate 1048576 bytes for AllocateHeap
# Possible reasons:
#   The system is out of physical RAM or swap space
#   The process is running with CompressedOops enabled, and the Java Heap may be blocking the growth of the native heap
# Possible solutions:
#   Reduce memory load on the system
#   Increase physical memory or swap space
#   Check if swap backing store is full
#   Decrease Java heap size (-Xmx/-Xms)
#   Decrease number of Java threads
#   Decrease Java thread stack sizes (-Xss)
#   Set larger code cache with -XX:ReservedCodeCacheSize=
#   JVM is running with Unscaled Compressed Oops mode in which the Java heap is
#     placed in the first 4GB address space. The Java Heap base address is the
#     maximum limit for the native heap growth. Please use -XX:HeapBaseMinAddress
#     to set the Java Heap base and to place the Java Heap above 4GB virtual address.
# This output file may be truncated or incomplete.
#
#  Out of Memory Error (t:/workspace/open/src/hotspot/share/memory/allocation.cpp:46), pid=21424, tid=21048
#
# JRE version: Java(TM) SE Runtime Environment (11.0.3+12) (build 11.0.3+12-LTS)
# Java VM: Java HotSpot(TM) 64-Bit Server VM (11.0.3+12-LTS, mixed mode, tiered, compressed oops, g1 gc, windows-amd64)
# No core dump will be written. Minidumps are not enabled by default on client versions of Windows
#

---------------  S U M M A R Y ------------

Command Line: -Dfile.encoding=UTF-8 main.HocSoSanh

Host: Intel(R) Core(TM) i7-5600U CPU @ 2.60GHz, 4 cores, 7G,  Windows 10 , 64 bit Build 18362 (10.0.18362.86)
Time: Tue Jul 16 02:44:59 2019 SE Asia Standard Time elapsed time: 0 seconds (0d 0h 0m 0s)

---------------  T H R E A D  ---------------

Current thread (0x000002f37fac7000):  VMThread "VM Thread" [stack: 0x000000fcf5400000,0x000000fcf5500000] [id=21048]

Stack: [0x000000fcf5400000,0x000000fcf5500000]
[error occurred during error reporting (printing stack bounds), id 0xc0000005, EXCEPTION_ACCESS_VIOLATION (0xc0000005) at pc=0x000002f308260bad]

Native frames: (J=compiled Java code, j=interpreted, Vv=VM code, C=native code)
V  [jvm.dll+0x63582a]
V  [jvm.dll+0x77360f]
V  [jvm.dll+0x774cba]
V  [jvm.dll+0x7752d5]
V  [jvm.dll+0x77528b]
V  [jvm.dll+0x634f26]
V  [jvm.dll+0x6352f8]
C  [ntdll.dll+0xa119f]
C  [ntdll.dll+0x6a229]
C  [ntdll.dll+0x9fe0e]
C  0x000002f308260bad

VM_Operation (0x000000fcf4efae20): CollectForMetadataAllocation, mode: safepoint, requested by thread 0x000002f378a50000


---------------  P R O C E S S  ---------------

Threads class SMR info:
_java_thread_list=0x000002f317c03b20, length=10, elements={
0x000002f378a50000, 0x000002f37fac9000, 0x000002f37faf4800, 0x000002f317aa2800,
0x000002f37fb00800, 0x000002f37fb01800, 0x000002f317acc000, 0x000002f37fb2e800,
0x000002f317bf3000, 0x000002f317c04000
}

Java Threads: ( => current thread )
  0x000002f378a50000 JavaThread "main" [_thread_blocked, id=6464, stack(0x000000fcf4e00000,0x000000fcf4f00000)]
  0x000002f37fac9000 JavaThread "Reference Handler" daemon [_thread_blocked, id=19500, stack(0x000000fcf5500000,0x000000fcf5600000)]
  0x000002f37faf4800 JavaThread "Finalizer" daemon [_thread_blocked, id=18456, stack(0x000000fcf5600000,0x000000fcf5700000)]
  0x000002f317aa2800 JavaThread "Signal Dispatcher" daemon [_thread_blocked, id=6976, stack(0x000000fcf5700000,0x000000fcf5800000)]
  0x000002f37fb00800 JavaThread "Attach Listener" daemon [_thread_blocked, id=21152, stack(0x000000fcf5800000,0x000000fcf5900000)]
  0x000002f37fb01800 JavaThread "C2 CompilerThread0" daemon [_thread_blocked, id=17336, stack(0x000000fcf5900000,0x000000fcf5a00000)]
  0x000002f317acc000 JavaThread "C1 CompilerThread0" daemon [_thread_blocked, id=5392, stack(0x000000fcf5a00000,0x000000fcf5b00000)]
  0x000002f37fb2e800 JavaThread "Sweeper thread" daemon [_thread_blocked, id=10212, stack(0x000000fcf5b00000,0x000000fcf5c00000)]
  0x000002f317bf3000 JavaThread "Service Thread" daemon [_thread_blocked, id=19352, stack(0x000000fcf5c00000,0x000000fcf5d00000)]
  0x000002f317c04000 JavaThread "Common-Cleaner" daemon [_thread_blocked, id=18872, stack(0x000000fcf5e00000,0x000000fcf5f00000)]

Other Threads:
=>0x000002f37fac7000 VMThread "VM Thread" [stack: 0x000000fcf5400000,0x000000fcf5500000] [id=21048]
  0x000002f317c02800 WatcherThread [stack: 0x000000fcf5d00000,0x000000fcf5e00000] [id=3236]
  0x000002f378a66800 GCTaskThread "GC Thread#0" [stack: 0x000000fcf4f00000,0x000000fcf5000000] [id=4420]
  0x000002f317c11800 GCTaskThread "GC Thread#1" [stack: 0x000000fcf5f00000,0x000000fcf6000000] [id=18240]
  0x000002f317c12800 GCTaskThread "GC Thread#2" [stack: 0x000000fcf6000000,0x000000fcf6100000] [id=21196]
  0x000002f378a97800 ConcurrentGCThread "G1 Main Marker" [stack: 0x000000fcf5000000,0x000000fcf5100000] [id=20944]
  0x000002f378a9d000 ConcurrentGCThread "G1 Conc#0" [stack: 0x000000fcf5100000,0x000000fcf5200000] [id=16964]
  0x000002f378b2d800 ConcurrentGCThread "G1 Refine#0" [stack: 0x000000fcf5200000,0x000000fcf5300000] [id=13576]
  0x000002f37f932800 ConcurrentGCThread "G1 Young RemSet Sampling" [stack: 0x000000fcf5300000,0x000000fcf5400000] [id=11716]

Threads with active compile tasks:

VM state:at safepoint (normal execution)

VM Mutex/Monitor currently owned by a thread:  ([mutex/lock_event])
[0x000002f378a4dce0] Threads_lock - owner thread: 0x000002f37fac7000
[0x000002f378a4d8f0] Heap_lock - owner thread: 0x000002f378a50000

Heap address: 0x0000000082000000, size: 2016 MB, Compressed Oops mode: 32-bit
Narrow klass base: 0x0000000000000000, Narrow klass shift: 3
Compressed class space size: 1073741824 Address: 0x0000000100000000

Heap:
 garbage-first heap   total 129024K, used 663K [0x0000000082000000, 0x0000000100000000)
  region size 1024K, 1 young (1024K), 1 survivors (1024K)
 Metaspace       used 5304K, capacity 5342K, committed 5504K, reserved 1071104K
  class space    used 479K, capacity 514K, committed 640K, reserved 1048576K
Heap Regions: E=young(eden), S=young(survivor), O=old, HS=humongous(starts), HC=humongous(continues), CS=collection set, F=free, A=archive, TAMS=top-at-mark-start (previous, next)
|   0|0x0000000082000000, 0x0000000082000000, 0x0000000082100000|  0%| F|  |TAMS 0x0000000082000000, 0x0000000082000000| Untracked 
|   1|0x0000000082100000, 0x0000000082100000, 0x0000000082200000|  0%| F|  |TAMS 0x0000000082100000, 0x0000000082100000| Untracked 
|   2|0x0000000082200000, 0x0000000082200000, 0x0000000082300000|  0%| F|  |TAMS 0x0000000082200000, 0x0000000082200000| Untracked 
|   3|0x0000000082300000, 0x0000000082300000, 0x0000000082400000|  0%| F|  |TAMS 0x0000000082300000, 0x0000000082300000| Untracked 
|   4|0x0000000082400000, 0x0000000082400000, 0x0000000082500000|  0%| F|  |TAMS 0x0000000082400000, 0x0000000082400000| Untracked 
|   5|0x0000000082500000, 0x0000000082500000, 0x0000000082600000|  0%| F|  |TAMS 0x0000000082500000, 0x0000000082500000| Untracked 
|   6|0x0000000082600000, 0x0000000082600000, 0x0000000082700000|  0%| F|  |TAMS 0x0000000082600000, 0x0000000082600000| Untracked 
|   7|0x0000000082700000, 0x0000000082700000, 0x0000000082800000|  0%| F|  |TAMS 0x0000000082700000, 0x0000000082700000| Untracked 
|   8|0x0000000082800000, 0x0000000082800000, 0x0000000082900000|  0%| F|  |TAMS 0x0000000082800000, 0x0000000082800000| Untracked 
|   9|0x0000000082900000, 0x0000000082900000, 0x0000000082a00000|  0%| F|  |TAMS 0x0000000082900000, 0x0000000082900000| Untracked 
|  10|0x0000000082a00000, 0x0000000082a00000, 0x0000000082b00000|  0%| F|  |TAMS 0x0000000082a00000, 0x0000000082a00000| Untracked 
|  11|0x0000000082b00000, 0x0000000082b00000, 0x0000000082c00000|  0%| F|  |TAMS 0x0000000082b00000, 0x0000000082b00000| Untracked 
|  12|0x0000000082c00000, 0x0000000082c00000, 0x0000000082d00000|  0%| F|  |TAMS 0x0000000082c00000, 0x0000000082c00000| Untracked 
|  13|0x0000000082d00000, 0x0000000082d00000, 0x0000000082e00000|  0%| F|  |TAMS 0x0000000082d00000, 0x0000000082d00000| Untracked 
|  14|0x0000000082e00000, 0x0000000082e00000, 0x0000000082f00000|  0%| F|  |TAMS 0x0000000082e00000, 0x0000000082e00000| Untracked 
|  15|0x0000000082f00000, 0x0000000082f00000, 0x0000000083000000|  0%| F|  |TAMS 0x0000000082f00000, 0x0000000082f00000| Untracked 
|  16|0x0000000083000000, 0x0000000083000000, 0x0000000083100000|  0%| F|  |TAMS 0x0000000083000000, 0x0000000083000000| Untracked 
|  17|0x0000000083100000, 0x0000000083100000, 0x0000000083200000|  0%| F|  |TAMS 0x0000000083100000, 0x0000000083100000| Untracked 
|  18|0x0000000083200000, 0x0000000083200000, 0x0000000083300000|  0%| F|  |TAMS 0x0000000083200000, 0x0000000083200000| Untracked 
|  19|0x0000000083300000, 0x0000000083300000, 0x0000000083400000|  0%| F|  |TAMS 0x0000000083300000, 0x0000000083300000| Untracked 
|  20|0x0000000083400000, 0x0000000083400000, 0x0000000083500000|  0%| F|  |TAMS 0x0000000083400000, 0x0000000083400000| Untracked 
|  21|0x0000000083500000, 0x0000000083500000, 0x0000000083600000|  0%| F|  |TAMS 0x0000000083500000, 0x0000000083500000| Untracked 
|  22|0x0000000083600000, 0x0000000083600000, 0x0000000083700000|  0%| F|  |TAMS 0x0000000083600000, 0x0000000083600000| Untracked 
|  23|0x0000000083700000, 0x0000000083700000, 0x0000000083800000|  0%| F|  |TAMS 0x0000000083700000, 0x0000000083700000| Untracked 
|  24|0x0000000083800000, 0x0000000083800000, 0x0000000083900000|  0%| F|  |TAMS 0x0000000083800000, 0x0000000083800000| Untracked 
|  25|0x0000000083900000, 0x0000000083900000, 0x0000000083a00000|  0%| F|  |TAMS 0x0000000083900000, 0x0000000083900000| Untracked 
|  26|0x0000000083a00000, 0x0000000083a00000, 0x0000000083b00000|  0%| F|  |TAMS 0x0000000083a00000, 0x0000000083a00000| Untracked 
|  27|0x0000000083b00000, 0x0000000083b00000, 0x0000000083c00000|  0%| F|  |TAMS 0x0000000083b00000, 0x0000000083b00000| Untracked 
|  28|0x0000000083c00000, 0x0000000083c00000, 0x0000000083d00000|  0%| F|  |TAMS 0x0000000083c00000, 0x0000000083c00000| Untracked 
|  29|0x0000000083d00000, 0x0000000083d00000, 0x0000000083e00000|  0%| F|  |TAMS 0x0000000083d00000, 0x0000000083d00000| Untracked 
|  30|0x0000000083e00000, 0x0000000083e00000, 0x0000000083f00000|  0%| F|  |TAMS 0x0000000083e00000, 0x0000000083e00000| Untracked 
|  31|0x0000000083f00000, 0x0000000083f00000, 0x0000000084000000|  0%| F|  |TAMS 0x0000000083f00000, 0x0000000083f00000| Untracked 
|  32|0x0000000084000000, 0x0000000084000000, 0x0000000084100000|  0%| F|  |TAMS 0x0000000084000000, 0x0000000084000000| Untracked 
|  33|0x0000000084100000, 0x0000000084100000, 0x0000000084200000|  0%| F|  |TAMS 0x0000000084100000, 0x0000000084100000| Untracked 
|  34|0x0000000084200000, 0x0000000084200000, 0x0000000084300000|  0%| F|  |TAMS 0x0000000084200000, 0x0000000084200000| Untracked 
|  35|0x0000000084300000, 0x0000000084300000, 0x0000000084400000|  0%| F|  |TAMS 0x0000000084300000, 0x0000000084300000| Untracked 
|  36|0x0000000084400000, 0x0000000084400000, 0x0000000084500000|  0%| F|  |TAMS 0x0000000084400000, 0x0000000084400000| Untracked 
|  37|0x0000000084500000, 0x0000000084500000, 0x0000000084600000|  0%| F|  |TAMS 0x0000000084500000, 0x0000000084500000| Untracked 
|  38|0x0000000084600000, 0x0000000084600000, 0x0000000084700000|  0%| F|  |TAMS 0x0000000084600000, 0x0000000084600000| Untracked 
|  39|0x0000000084700000, 0x0000000084700000, 0x0000000084800000|  0%| F|  |TAMS 0x0000000084700000, 0x0000000084700000| Untracked 
|  40|0x0000000084800000, 0x0000000084800000, 0x0000000084900000|  0%| F|  |TAMS 0x0000000084800000, 0x0000000084800000| Untracked 
|  41|0x0000000084900000, 0x0000000084900000, 0x0000000084a00000|  0%| F|  |TAMS 0x0000000084900000, 0x0000000084900000| Untracked 
|  42|0x0000000084a00000, 0x0000000084a00000, 0x0000000084b00000|  0%| F|  |TAMS 0x0000000084a00000, 0x0000000084a00000| Untracked 
|  43|0x0000000084b00000, 0x0000000084b00000, 0x0000000084c00000|  0%| F|  |TAMS 0x0000000084b00000, 0x0000000084b00000| Untracked 
|  44|0x0000000084c00000, 0x0000000084c00000, 0x0000000084d00000|  0%| F|  |TAMS 0x0000000084c00000, 0x0000000084c00000| Untracked 
|  45|0x0000000084d00000, 0x0000000084d00000, 0x0000000084e00000|  0%| F|  |TAMS 0x0000000084d00000, 0x0000000084d00000| Untracked 
|  46|0x0000000084e00000, 0x0000000084e00000, 0x0000000084f00000|  0%| F|  |TAMS 0x0000000084e00000, 0x0000000084e00000| Untracked 
|  47|0x0000000084f00000, 0x0000000084f00000, 0x0000000085000000|  0%| F|  |TAMS 0x0000000084f00000, 0x0000000084f00000| Untracked 
|  48|0x0000000085000000, 0x0000000085000000, 0x0000000085100000|  0%| F|  |TAMS 0x0000000085000000, 0x0000000085000000| Untracked 
|  49|0x0000000085100000, 0x0000000085100000, 0x0000000085200000|  0%| F|  |TAMS 0x0000000085100000, 0x0000000085100000| Untracked 
|  50|0x0000000085200000, 0x0000000085200000, 0x0000000085300000|  0%| F|  |TAMS 0x0000000085200000, 0x0000000085200000| Untracked 
|  51|0x0000000085300000, 0x0000000085300000, 0x0000000085400000|  0%| F|  |TAMS 0x0000000085300000, 0x0000000085300000| Untracked 
|  52|0x0000000085400000, 0x0000000085400000, 0x0000000085500000|  0%| F|  |TAMS 0x0000000085400000, 0x0000000085400000| Untracked 
|  53|0x0000000085500000, 0x0000000085500000, 0x0000000085600000|  0%| F|  |TAMS 0x0000000085500000, 0x0000000085500000| Untracked 
|  54|0x0000000085600000, 0x0000000085600000, 0x0000000085700000|  0%| F|  |TAMS 0x0000000085600000, 0x0000000085600000| Untracked 
|  55|0x0000000085700000, 0x0000000085700000, 0x0000000085800000|  0%| F|  |TAMS 0x0000000085700000, 0x0000000085700000| Untracked 
|  56|0x0000000085800000, 0x0000000085800000, 0x0000000085900000|  0%| F|  |TAMS 0x0000000085800000, 0x0000000085800000| Untracked 
|  57|0x0000000085900000, 0x0000000085900000, 0x0000000085a00000|  0%| F|  |TAMS 0x0000000085900000, 0x0000000085900000| Untracked 
|  58|0x0000000085a00000, 0x0000000085a00000, 0x0000000085b00000|  0%| F|  |TAMS 0x0000000085a00000, 0x0000000085a00000| Untracked 
|  59|0x0000000085b00000, 0x0000000085b00000, 0x0000000085c00000|  0%| F|  |TAMS 0x0000000085b00000, 0x0000000085b00000| Untracked 
|  60|0x0000000085c00000, 0x0000000085c00000, 0x0000000085d00000|  0%| F|  |TAMS 0x0000000085c00000, 0x0000000085c00000| Untracked 
|  61|0x0000000085d00000, 0x0000000085d00000, 0x0000000085e00000|  0%| F|  |TAMS 0x0000000085d00000, 0x0000000085d00000| Untracked 
|  62|0x0000000085e00000, 0x0000000085e00000, 0x0000000085f00000|  0%| F|  |TAMS 0x0000000085e00000, 0x0000000085e00000| Untracked 
|  63|0x0000000085f00000, 0x0000000085f00000, 0x0000000086000000|  0%| F|  |TAMS 0x0000000085f00000, 0x0000000085f00000| Untracked 
|  64|0x0000000086000000, 0x0000000086000000, 0x0000000086100000|  0%| F|  |TAMS 0x0000000086000000, 0x0000000086000000| Untracked 
|  65|0x0000000086100000, 0x0000000086100000, 0x0000000086200000|  0%| F|  |TAMS 0x0000000086100000, 0x0000000086100000| Untracked 
|  66|0x0000000086200000, 0x0000000086200000, 0x0000000086300000|  0%| F|  |TAMS 0x0000000086200000, 0x0000000086200000| Untracked 
|  67|0x0000000086300000, 0x0000000086300000, 0x0000000086400000|  0%| F|  |TAMS 0x0000000086300000, 0x0000000086300000| Untracked 
|  68|0x0000000086400000, 0x0000000086400000, 0x0000000086500000|  0%| F|  |TAMS 0x0000000086400000, 0x0000000086400000| Untracked 
|  69|0x0000000086500000, 0x0000000086500000, 0x0000000086600000|  0%| F|  |TAMS 0x0000000086500000, 0x0000000086500000| Untracked 
|  70|0x0000000086600000, 0x0000000086600000, 0x0000000086700000|  0%| F|  |TAMS 0x0000000086600000, 0x0000000086600000| Untracked 
|  71|0x0000000086700000, 0x0000000086700000, 0x0000000086800000|  0%| F|  |TAMS 0x0000000086700000, 0x0000000086700000| Untracked 
|  72|0x0000000086800000, 0x0000000086800000, 0x0000000086900000|  0%| F|  |TAMS 0x0000000086800000, 0x0000000086800000| Untracked 
|  73|0x0000000086900000, 0x0000000086900000, 0x0000000086a00000|  0%| F|  |TAMS 0x0000000086900000, 0x0000000086900000| Untracked 
|  74|0x0000000086a00000, 0x0000000086a00000, 0x0000000086b00000|  0%| F|  |TAMS 0x0000000086a00000, 0x0000000086a00000| Untracked 
|  75|0x0000000086b00000, 0x0000000086b00000, 0x0000000086c00000|  0%| F|  |TAMS 0x0000000086b00000, 0x0000000086b00000| Untracked 
|  76|0x0000000086c00000, 0x0000000086c00000, 0x0000000086d00000|  0%| F|  |TAMS 0x0000000086c00000, 0x0000000086c00000| Untracked 
|  77|0x0000000086d00000, 0x0000000086d00000, 0x0000000086e00000|  0%| F|  |TAMS 0x0000000086d00000, 0x0000000086d00000| Untracked 
|  78|0x0000000086e00000, 0x0000000086e00000, 0x0000000086f00000|  0%| F|  |TAMS 0x0000000086e00000, 0x0000000086e00000| Untracked 
|  79|0x0000000086f00000, 0x0000000086f00000, 0x0000000087000000|  0%| F|  |TAMS 0x0000000086f00000, 0x0000000086f00000| Untracked 
|  80|0x0000000087000000, 0x0000000087000000, 0x0000000087100000|  0%| F|  |TAMS 0x0000000087000000, 0x0000000087000000| Untracked 
|  81|0x0000000087100000, 0x0000000087100000, 0x0000000087200000|  0%| F|  |TAMS 0x0000000087100000, 0x0000000087100000| Untracked 
|  82|0x0000000087200000, 0x0000000087200000, 0x0000000087300000|  0%| F|  |TAMS 0x0000000087200000, 0x0000000087200000| Untracked 
|  83|0x0000000087300000, 0x0000000087300000, 0x0000000087400000|  0%| F|  |TAMS 0x0000000087300000, 0x0000000087300000| Untracked 
|  84|0x0000000087400000, 0x0000000087400000, 0x0000000087500000|  0%| F|  |TAMS 0x0000000087400000, 0x0000000087400000| Untracked 
|  85|0x0000000087500000, 0x0000000087500000, 0x0000000087600000|  0%| F|  |TAMS 0x0000000087500000, 0x0000000087500000| Untracked 
|  86|0x0000000087600000, 0x0000000087600000, 0x0000000087700000|  0%| F|  |TAMS 0x0000000087600000, 0x0000000087600000| Untracked 
|  87|0x0000000087700000, 0x0000000087700000, 0x0000000087800000|  0%| F|  |TAMS 0x0000000087700000, 0x0000000087700000| Untracked 
|  88|0x0000000087800000, 0x0000000087800000, 0x0000000087900000|  0%| F|  |TAMS 0x0000000087800000, 0x0000000087800000| Untracked 
|  89|0x0000000087900000, 0x0000000087900000, 0x0000000087a00000|  0%| F|  |TAMS 0x0000000087900000, 0x0000000087900000| Untracked 
|  90|0x0000000087a00000, 0x0000000087a00000, 0x0000000087b00000|  0%| F|  |TAMS 0x0000000087a00000, 0x0000000087a00000| Untracked 
|  91|0x0000000087b00000, 0x0000000087b00000, 0x0000000087c00000|  0%| F|  |TAMS 0x0000000087b00000, 0x0000000087b00000| Untracked 
|  92|0x0000000087c00000, 0x0000000087c00000, 0x0000000087d00000|  0%| F|  |TAMS 0x0000000087c00000, 0x0000000087c00000| Untracked 
|  93|0x0000000087d00000, 0x0000000087d00000, 0x0000000087e00000|  0%| F|  |TAMS 0x0000000087d00000, 0x0000000087d00000| Untracked 
|  94|0x0000000087e00000, 0x0000000087e00000, 0x0000000087f00000|  0%| F|  |TAMS 0x0000000087e00000, 0x0000000087e00000| Untracked 
|  95|0x0000000087f00000, 0x0000000087f00000, 0x0000000088000000|  0%| F|  |TAMS 0x0000000087f00000, 0x0000000087f00000| Untracked 
|  96|0x0000000088000000, 0x0000000088000000, 0x0000000088100000|  0%| F|  |TAMS 0x0000000088000000, 0x0000000088000000| Untracked 
|  97|0x0000000088100000, 0x0000000088100000, 0x0000000088200000|  0%| F|  |TAMS 0x0000000088100000, 0x0000000088100000| Untracked 
|  98|0x0000000088200000, 0x0000000088200000, 0x0000000088300000|  0%| F|  |TAMS 0x0000000088200000, 0x0000000088200000| Untracked 
|  99|0x0000000088300000, 0x0000000088300000, 0x0000000088400000|  0%| F|  |TAMS 0x0000000088300000, 0x0000000088300000| Untracked 
| 100|0x0000000088400000, 0x0000000088400000, 0x0000000088500000|  0%| F|  |TAMS 0x0000000088400000, 0x0000000088400000| Untracked 
| 101|0x0000000088500000, 0x0000000088500000, 0x0000000088600000|  0%| F|  |TAMS 0x0000000088500000, 0x0000000088500000| Untracked 
| 102|0x0000000088600000, 0x0000000088600000, 0x0000000088700000|  0%| F|  |TAMS 0x0000000088600000, 0x0000000088600000| Untracked 
| 103|0x0000000088700000, 0x0000000088700000, 0x0000000088800000|  0%| F|  |TAMS 0x0000000088700000, 0x0000000088700000| Untracked 
| 104|0x0000000088800000, 0x0000000088800000, 0x0000000088900000|  0%| F|  |TAMS 0x0000000088800000, 0x0000000088800000| Untracked 
| 105|0x0000000088900000, 0x0000000088900000, 0x0000000088a00000|  0%| F|  |TAMS 0x0000000088900000, 0x0000000088900000| Untracked 
| 106|0x0000000088a00000, 0x0000000088a00000, 0x0000000088b00000|  0%| F|  |TAMS 0x0000000088a00000, 0x0000000088a00000| Untracked 
| 107|0x0000000088b00000, 0x0000000088b00000, 0x0000000088c00000|  0%| F|  |TAMS 0x0000000088b00000, 0x0000000088b00000| Untracked 
| 108|0x0000000088c00000, 0x0000000088c00000, 0x0000000088d00000|  0%| F|  |TAMS 0x0000000088c00000, 0x0000000088c00000| Untracked 
| 109|0x0000000088d00000, 0x0000000088d00000, 0x0000000088e00000|  0%| F|  |TAMS 0x0000000088d00000, 0x0000000088d00000| Untracked 
| 110|0x0000000088e00000, 0x0000000088e00000, 0x0000000088f00000|  0%| F|  |TAMS 0x0000000088e00000, 0x0000000088e00000| Untracked 
| 111|0x0000000088f00000, 0x0000000088f00000, 0x0000000089000000|  0%| F|  |TAMS 0x0000000088f00000, 0x0000000088f00000| Untracked 
| 112|0x0000000089000000, 0x0000000089000000, 0x0000000089100000|  0%| F|  |TAMS 0x0000000089000000, 0x0000000089000000| Untracked 
| 113|0x0000000089100000, 0x0000000089100000, 0x0000000089200000|  0%| F|  |TAMS 0x0000000089100000, 0x0000000089100000| Untracked 
| 114|0x0000000089200000, 0x0000000089200000, 0x0000000089300000|  0%| F|  |TAMS 0x0000000089200000, 0x0000000089200000| Untracked 
| 115|0x0000000089300000, 0x0000000089300000, 0x0000000089400000|  0%| F|  |TAMS 0x0000000089300000, 0x0000000089300000| Untracked 
| 116|0x0000000089400000, 0x0000000089400000, 0x0000000089500000|  0%| F|  |TAMS 0x0000000089400000, 0x0000000089400000| Untracked 
| 117|0x0000000089500000, 0x0000000089500000, 0x0000000089600000|  0%| F|  |TAMS 0x0000000089500000, 0x0000000089500000| Untracked 
| 118|0x0000000089600000, 0x0000000089600000, 0x0000000089700000|  0%| F|  |TAMS 0x0000000089600000, 0x0000000089600000| Untracked 
| 119|0x0000000089700000, 0x0000000089700000, 0x0000000089800000|  0%| F|  |TAMS 0x0000000089700000, 0x0000000089700000| Untracked 
| 120|0x0000000089800000, 0x0000000089800000, 0x0000000089900000|  0%| F|  |TAMS 0x0000000089800000, 0x0000000089800000| Untracked 
| 121|0x0000000089900000, 0x0000000089900000, 0x0000000089a00000|  0%| F|  |TAMS 0x0000000089900000, 0x0000000089900000| Untracked 
| 122|0x0000000089a00000, 0x0000000089a00000, 0x0000000089b00000|  0%| F|  |TAMS 0x0000000089a00000, 0x0000000089a00000| Untracked 
| 123|0x0000000089b00000, 0x0000000089b00000, 0x0000000089c00000|  0%| F|  |TAMS 0x0000000089b00000, 0x0000000089b00000| Untracked 
| 124|0x0000000089c00000, 0x0000000089ca5c28, 0x0000000089d00000| 64%| S|CS|TAMS 0x0000000089c00000, 0x0000000089c00000| Complete 
| 125|0x0000000089d00000, 0x0000000089d00000, 0x0000000089e00000|  0%| F|  |TAMS 0x0000000089d00000, 0x0000000089d00000| Untracked 

Card table byte_map: [0x000002f378f20000,0x000002f379310000] _byte_map_base: 0x000002f378b10000

Marking Bits (Prev, Next): (CMBitMap*) 0x000002f378a8f120, (CMBitMap*) 0x000002f378a8f0e8
 Prev Bits: [0x000002f37b680000, 0x000002f37d600000)
 Next Bits: [0x000002f379700000, 0x000002f37b680000)

Polling page: 0x000002f3769d0000

Metaspace:

Usage:
  Non-class:      4.71 MB capacity,     4.71 MB (>99%) used,     1.65 KB ( <1%) free+waste,     1.19 KB ( <1%) overhead. 
      Class:    514.00 KB capacity,   479.38 KB ( 93%) used,    34.25 KB (  7%) free+waste,   384 bytes ( <1%) overhead. 
       Both:      5.22 MB capacity,     5.18 MB (>99%) used,    35.90 KB ( <1%) free+waste,     1.56 KB ( <1%) overhead. 

Virtual space:
  Non-class space:       22.00 MB reserved,       4.75 MB ( 22%) committed 
      Class space:        1.00 GB reserved,     640.00 KB ( <1%) committed 
             Both:        1.02 GB reserved,       5.38 MB ( <1%) committed 

Chunk freelists:
   Non-Class:  4.50 KB
       Class:  3.75 KB
        Both:  8.25 KB

CodeHeap 'non-profiled nmethods': size=120064Kb used=24Kb max_used=24Kb free=120039Kb
 bounds [0x000002f30fd20000, 0x000002f30ff90000, 0x000002f317260000]
CodeHeap 'profiled nmethods': size=120000Kb used=115Kb max_used=115Kb free=119884Kb
 bounds [0x000002f3087f0000, 0x000002f308a60000, 0x000002f30fd20000]
CodeHeap 'non-nmethods': size=5696Kb used=1019Kb max_used=1019Kb free=4676Kb
 bounds [0x000002f308260000, 0x000002f3084d0000, 0x000002f3087f0000]
 total_blobs=424 nmethods=89 adapters=196
 compilation: enabled
              stopped_count=0, restarted_count=0
 full_count=0

Compilation events (10 events):
Event: 0.134 Thread 0x000002f317acc000   81       3       java.lang.String::indexOf (29 bytes)
Event: 0.134 Thread 0x000002f317acc000 nmethod 81 0x000002f30880bb90 code [0x000002f30880bd60, 0x000002f30880c040]
Event: 0.134 Thread 0x000002f317acc000   82       3       java.lang.String::indexOf (7 bytes)
Event: 0.135 Thread 0x000002f317acc000 nmethod 82 0x000002f30880c110 code [0x000002f30880c300, 0x000002f30880c660]
Event: 0.135 Thread 0x000002f317acc000   83       3       java.lang.StringLatin1::canEncode (13 bytes)
Event: 0.135 Thread 0x000002f317acc000 nmethod 83 0x000002f30880c790 code [0x000002f30880c940, 0x000002f30880cad8]
Event: 0.152 Thread 0x000002f317acc000   84       3       java.util.AbstractMap::<init> (5 bytes)
Event: 0.152 Thread 0x000002f317acc000 nmethod 84 0x000002f30880cb90 code [0x000002f30880cd40, 0x000002f30880cef8]
Event: 0.165 Thread 0x000002f317acc000   86       1       java.lang.Enum::ordinal (5 bytes)
Event: 0.165 Thread 0x000002f317acc000 nmethod 86 0x000002f30fd25890 code [0x000002f30fd25a40, 0x000002f30fd25b58]

GC Heap History (4 events):
Event: 0.158 GC heap before
{Heap before GC invocations=0 (full 0):
 garbage-first heap   total 129024K, used 1024K [0x0000000082000000, 0x0000000100000000)
  region size 1024K, 2 young (2048K), 0 survivors (0K)
 Metaspace       used 5031K, capacity 5086K, committed 5248K, reserved 1062912K
  class space    used 462K, capacity 514K, committed 640K, reserved 1048576K
}
Event: 0.160 GC heap after
{Heap after GC invocations=1 (full 0):
 garbage-first heap   total 129024K, used 593K [0x0000000082000000, 0x0000000100000000)
  region size 1024K, 1 young (1024K), 1 survivors (1024K)
 Metaspace       used 5031K, capacity 5086K, committed 5248K, reserved 1062912K
  class space    used 462K, capacity 514K, committed 640K, reserved 1048576K
}
Event: 0.168 GC heap before
{Heap before GC invocations=2 (full 0):
 garbage-first heap   total 129024K, used 593K [0x0000000082000000, 0x0000000100000000)
  region size 1024K, 2 young (2048K), 1 survivors (1024K)
 Metaspace       used 5304K, capacity 5342K, committed 5504K, reserved 1069056K
  class space    used 479K, capacity 514K, committed 640K, reserved 1048576K
}
Event: 0.170 GC heap after
{Heap after GC invocations=3 (full 0):
 garbage-first heap   total 129024K, used 663K [0x0000000082000000, 0x0000000100000000)
  region size 1024K, 1 young (1024K), 1 survivors (1024K)
 Metaspace       used 5304K, capacity 5342K, committed 5504K, reserved 1069056K
  class space    used 479K, capacity 514K, committed 640K, reserved 1048576K
}

Deoptimization events (1 events):
Event: 0.119 Thread 0x000002f378a50000 Uncommon trap: reason=unstable_if action=reinterpret pc=0x000002f30fd25270 method=java.lang.String.hashCode()I @ 14 c2

Classes redefined (0 events):
No events

Internal exceptions (0 events):
No events

Events (10 events):
Event: 0.167 loading class java/lang/invoke/AbstractValidatingLambdaMetafactory
Event: 0.167 loading class java/lang/invoke/AbstractValidatingLambdaMetafactory done
Event: 0.167 loading class java/lang/invoke/InnerClassLambdaMetafactory done
Event: 0.167 loading class jdk/internal/org/objectweb/asm/Type
Event: 0.167 loading class jdk/internal/org/objectweb/asm/Type done
Event: 0.167 loading class java/lang/invoke/InfoFromMemberName
Event: 0.168 loading class java/lang/invoke/MethodHandleInfo
Event: 0.168 loading class java/lang/invoke/MethodHandleInfo done
Event: 0.168 loading class java/lang/invoke/InfoFromMemberName done
Event: 0.168 Executing VM operation: CollectForMetadataAllocation


Dynamic libraries:
0x00007ff7998f0000 - 0x00007ff799937000 	C:\Program Files\Java\jdk-11.0.3\bin\javaw.exe
0x00007ffbdd1e0000 - 0x00007ffbdd3d0000 	C:\WINDOWS\SYSTEM32\ntdll.dll
0x00007ffbdbf10000 - 0x00007ffbdbfc2000 	C:\WINDOWS\System32\KERNEL32.DLL
0x00007ffbda220000 - 0x00007ffbda4c3000 	C:\WINDOWS\System32\KERNELBASE.dll
0x00007ffbdcb40000 - 0x00007ffbdcbe3000 	C:\WINDOWS\System32\ADVAPI32.dll
0x00007ffbdc560000 - 0x00007ffbdc5fe000 	C:\WINDOWS\System32\msvcrt.dll
0x00007ffbdcbf0000 - 0x00007ffbdcc87000 	C:\WINDOWS\System32\sechost.dll
0x00007ffbdc2a0000 - 0x00007ffbdc3c0000 	C:\WINDOWS\System32\RPCRT4.dll
0x00007ffbdba00000 - 0x00007ffbdbb93000 	C:\WINDOWS\System32\USER32.dll
0x00007ffbdb080000 - 0x00007ffbdb0a1000 	C:\WINDOWS\System32\win32u.dll
0x00007ffbdc4b0000 - 0x00007ffbdc4d6000 	C:\WINDOWS\System32\GDI32.dll
0x00007ffbdb100000 - 0x00007ffbdb294000 	C:\WINDOWS\System32\gdi32full.dll
0x00007ffbda180000 - 0x00007ffbda21e000 	C:\WINDOWS\System32\msvcp_win.dll
0x00007ffbdaed0000 - 0x00007ffbdafca000 	C:\WINDOWS\System32\ucrtbase.dll
0x00007ffbd1980000 - 0x00007ffbd1c05000 	C:\WINDOWS\WinSxS\amd64_microsoft.windows.common-controls_6595b64144ccf1df_6.0.18362.239_none_e6c7aebd130c7608\COMCTL32.dll
0x00007ffbdbbd0000 - 0x00007ffbdbf06000 	C:\WINDOWS\System32\combase.dll
0x00007ffbce980000 - 0x00007ffbce98a000 	C:\WINDOWS\SYSTEM32\VERSION.dll
0x00007ffbdb000000 - 0x00007ffbdb080000 	C:\WINDOWS\System32\bcryptPrimitives.dll
0x00007ffbdbba0000 - 0x00007ffbdbbce000 	C:\WINDOWS\System32\IMM32.DLL
0x00007ffbd2fa0000 - 0x00007ffbd2fb6000 	C:\Program Files\Java\jdk-11.0.3\bin\vcruntime140.dll
0x00007ffbc85a0000 - 0x00007ffbc864a000 	C:\Program Files\Java\jdk-11.0.3\bin\msvcp140.dll
0x00007ffb8b420000 - 0x00007ffb8bf47000 	C:\Program Files\Java\jdk-11.0.3\bin\server\jvm.dll
0x00007ffbdc060000 - 0x00007ffbdc068000 	C:\WINDOWS\System32\PSAPI.DLL
0x00007ffbd8c00000 - 0x00007ffbd8c09000 	C:\WINDOWS\SYSTEM32\WSOCK32.dll
0x00007ffbdc3d0000 - 0x00007ffbdc43f000 	C:\WINDOWS\System32\WS2_32.dll
0x00007ffbd7c80000 - 0x00007ffbd7ca4000 	C:\WINDOWS\SYSTEM32\WINMM.dll
0x00007ffbd7800000 - 0x00007ffbd782d000 	C:\WINDOWS\SYSTEM32\winmmbase.dll
0x00007ffbdb0b0000 - 0x00007ffbdb0fa000 	C:\WINDOWS\System32\cfgmgr32.dll
0x00007ffbda0d0000 - 0x00007ffbda0e1000 	C:\WINDOWS\System32\kernel.appcore.dll
0x00007ffbd3b70000 - 0x00007ffbd3b81000 	C:\Program Files\Java\jdk-11.0.3\bin\verify.dll
0x00007ffbd89e0000 - 0x00007ffbd8bd4000 	C:\WINDOWS\SYSTEM32\DBGHELP.DLL
0x00007ffbc3280000 - 0x00007ffbc32aa000 	C:\WINDOWS\SYSTEM32\dbgcore.DLL
0x00007ffbd3b40000 - 0x00007ffbd3b69000 	C:\Program Files\Java\jdk-11.0.3\bin\java.dll
0x00007ffbd3b20000 - 0x00007ffbd3b36000 	C:\Program Files\Java\jdk-11.0.3\bin\zip.dll
0x00007ffbd3b10000 - 0x00007ffbd3b1a000 	C:\Program Files\Java\jdk-11.0.3\bin\jimage.dll
0x00007ffbdb2c0000 - 0x00007ffbdb9a0000 	C:\WINDOWS\System32\SHELL32.dll
0x00007ffbdc1f0000 - 0x00007ffbdc299000 	C:\WINDOWS\System32\shcore.dll
0x00007ffbda4d0000 - 0x00007ffbdac4b000 	C:\WINDOWS\System32\windows.storage.dll
0x00007ffbda160000 - 0x00007ffbda17f000 	C:\WINDOWS\System32\profapi.dll
0x00007ffbda0f0000 - 0x00007ffbda13a000 	C:\WINDOWS\System32\powrprof.dll
0x00007ffbda0c0000 - 0x00007ffbda0d0000 	C:\WINDOWS\System32\UMPDC.dll
0x00007ffbdb9a0000 - 0x00007ffbdb9f2000 	C:\WINDOWS\System32\shlwapi.dll
0x00007ffbdad60000 - 0x00007ffbdad77000 	C:\WINDOWS\System32\cryptsp.dll

dbghelp: loaded successfully - version: 4.0.5 - missing functions: none
symbol engine: initialized successfully - sym options: 0x614 - pdb path: .;C:\Program Files\Java\jdk-11.0.3\bin;C:\WINDOWS\SYSTEM32;C:\WINDOWS\WinSxS\amd64_microsoft.windows.common-controls_6595b64144ccf1df_6.0.18362.239_none_e6c7aebd130c7608;C:\Program Files\Java\jdk-11.0.3\bin\server

VM Arguments:
jvm_args: -Dfile.encoding=UTF-8 
java_command: main.HocSoSanh
java_class_path (initial): D:\Java\tamto\Praction\bin;D:\Java\tamto\Praction\forms-1.3.0.jar
Launcher Type: SUN_STANDARD

[Global flags]
     intx CICompilerCount                          = 3                                         {product} {ergonomic}
     uint ConcGCThreads                            = 1                                         {product} {ergonomic}
     uint G1ConcRefinementThreads                  = 4                                         {product} {ergonomic}
   size_t G1HeapRegionSize                         = 1048576                                   {product} {ergonomic}
    uintx GCDrainStackTargetSize                   = 64                                        {product} {ergonomic}
   size_t InitialHeapSize                          = 132120576                                 {product} {ergonomic}
   size_t MarkStackSize                            = 4194304                                   {product} {ergonomic}
   size_t MaxHeapSize                              = 2113929216                                {product} {ergonomic}
   size_t MaxNewSize                               = 1267728384                                {product} {ergonomic}
   size_t MinHeapDeltaBytes                        = 1048576                                   {product} {ergonomic}
    uintx NonNMethodCodeHeapSize                   = 5830092                                {pd product} {ergonomic}
    uintx NonProfiledCodeHeapSize                  = 122914074                              {pd product} {ergonomic}
    uintx ProfiledCodeHeapSize                     = 122914074                              {pd product} {ergonomic}
    uintx ReservedCodeCacheSize                    = 251658240                              {pd product} {ergonomic}
     bool SegmentedCodeCache                       = true                                      {product} {ergonomic}
     bool UseCompressedClassPointers               = true                                 {lp64_product} {ergonomic}
     bool UseCompressedOops                        = true                                 {lp64_product} {ergonomic}
     bool UseG1GC                                  = true                                      {product} {ergonomic}
     bool UseLargePagesIndividualAllocation        = false                                  {pd product} {ergonomic}

Logging:
Log output configuration:
 #0: stdout all=warning uptime,level,tags
 #1: stderr all=off uptime,level,tags

Environment Variables:
PATH=C:/Program Files/Java/jdk-11.0.3/bin/server;C:/Program Files/Java/jdk-11.0.3/bin;C:\Program Files (x86)\NVIDIA Corporation\PhysX\Common;C:\WINDOWS\system32;C:\WINDOWS;C:\WINDOWS\System32\Wbem;C:\WINDOWS\System32\WindowsPowerShell\v1.0\;C:\WINDOWS\System32\OpenSSH\;C:\Program Files\Microsoft SQL Server\Client SDK\ODBC\130\Tools\Binn\;C:\Program Files (x86)\Microsoft SQL Server\140\Tools\Binn\;C:\Program Files\Microsoft SQL Server\140\Tools\Binn\;C:\Program Files\Microsoft SQL Server\140\DTS\Binn\;C:\Program Files (x86)\Microsoft SQL Server\150\DTS\Binn\;C:\Program Files (x86)\Windows Kits\8.1\Windows Performance Toolkit\;C:\Users\tamto\AppData\Local\Microsoft\WindowsApps;;C:\Users\tamto\AppData\Local\Programs\Microsoft VS Code\bin;C:\WINDOWS\System32;
USERNAME=tamto
OS=Windows_NT
PROCESSOR_IDENTIFIER=Intel64 Family 6 Model 61 Stepping 4, GenuineIntel



---------------  S Y S T E M  ---------------

OS: Windows 10 , 64 bit Build 18362 (10.0.18362.86)

CPU:total 4 (initial active 4) (2 cores per cpu, 2 threads per core) family 6 model 61 stepping 4, cmov, cx8, fxsr, mmx, sse, sse2, sse3, ssse3, sse4.1, sse4.2, popcnt, avx, avx2, aes, clmul, erms, rtm, 3dnowpref, lzcnt, ht, tsc, tscinvbit, bmi1, bmi2, adx, fma

Memory: 4k page, system-wide physical 8063M (1647M free)
TotalPageFile size 26938M (AvailPageFile size 3M)
current process WorkingSet (physical memory assigned to process): 33M, peak: 33M
current process commit charge ("private bytes"): 193M, peak: 194M

vm_info: Java HotSpot(TM) 64-Bit Server VM (11.0.3+12-LTS) for windows-amd64 JRE (11.0.3+12-LTS), built on Apr  2 2019 12:43:09 by "mach5one" with MS VC++ 15.5 (VS2017)

END.
